### version information

```
pre-commit version: 4.6.0
git --version: git version 2.53.0.windows.2
sys.version:
    3.13.2 | packaged by Anaconda, Inc. | (main, Feb  6 2025, 18:49:14) [MSC v.1929 64 bit (AMD64)]
sys.executable: C:\Users\patri\miniconda3\python.exe
os.name: nt
sys.platform: win32
```

### error information

```
An unexpected error has occurred: PermissionError: [WinError 5] Zugriff verweigert: 'C:\\Projects\\03-Finance\\ai-fund\\.pre-commit-cache-run2\\repoa8d_u4kj'
```

```
Traceback (most recent call last):
  File "C:\Users\patri\miniconda3\Lib\site-packages\pre_commit\util.py", line 31, in clean_path_on_failure
    yield
  File "C:\Users\patri\miniconda3\Lib\site-packages\pre_commit\store.py", line 164, in _new_repo
    make_strategy(directory)
    ~~~~~~~~~~~~~^^^^^^^^^^^
  File "C:\Users\patri\miniconda3\Lib\site-packages\pre_commit\store.py", line 199, in clone_strategy
    git.init_repo(directory, repo)
    ~~~~~~~~~~~~~^^^^^^^^^^^^^^^^^
  File "C:\Users\patri\miniconda3\Lib\site-packages\pre_commit\git.py", line 192, in init_repo
    cmd_output_b(*git, 'init', '--template=', path, env=env)
    ~~~~~~~~~~~~^^^^^^^^^^^^^^^^^^^^^^^^^^^^^^^^^^^^^^^^^^^^
  File "C:\Users\patri\miniconda3\Lib\site-packages\pre_commit\util.py", line 111, in cmd_output_b
    raise CalledProcessError(returncode, cmd, stdout_b, stderr_b)
pre_commit.util.CalledProcessError: command: ('C:\\Program Files\\Git\\cmd\\git.EXE', '-c', 'core.useBuiltinFSMonitor=false', 'init', '--template=', 'C:\\Projects\\03-Finance\\ai-fund\\.pre-commit-cache-run2\\repoa8d_u4kj')
return code: 128
stdout: (none)
stderr:
    fatal: cannot mkdir C:\Projects\03-Finance\ai-fund\.pre-commit-cache-run2\repoa8d_u4kj: File exists

During handling of the above exception, another exception occurred:

Traceback (most recent call last):
  File "C:\Users\patri\miniconda3\Lib\site-packages\pre_commit\error_handler.py", line 73, in error_handler
    yield
  File "C:\Users\patri\miniconda3\Lib\site-packages\pre_commit\main.py", line 429, in main
    return run(args.config, store, args)
  File "C:\Users\patri\miniconda3\Lib\site-packages\pre_commit\commands\run.py", line 426, in run
    for hook in all_hooks(config, store)
                ~~~~~~~~~^^^^^^^^^^^^^^^
  File "C:\Users\patri\miniconda3\Lib\site-packages\pre_commit\repository.py", line 233, in all_hooks
    return tuple(
        hook
        for repo in root_config['repos']
        for hook in _repository_hooks(repo, store, root_config)
    )
  File "C:\Users\patri\miniconda3\Lib\site-packages\pre_commit\repository.py", line 236, in <genexpr>
    for hook in _repository_hooks(repo, store, root_config)
                ~~~~~~~~~~~~~~~~~^^^^^^^^^^^^^^^^^^^^^^^^^^
  File "C:\Users\patri\miniconda3\Lib\site-packages\pre_commit\repository.py", line 211, in _repository_hooks
    return _cloned_repository_hooks(repo_config, store, root_config)
  File "C:\Users\patri\miniconda3\Lib\site-packages\pre_commit\repository.py", line 177, in _cloned_repository_hooks
    manifest_path = os.path.join(store.clone(repo, rev), C.MANIFEST_FILE)
                                 ~~~~~~~~~~~^^^^^^^^^^^
  File "C:\Users\patri\miniconda3\Lib\site-packages\pre_commit\store.py", line 210, in clone
    return self._new_repo(repo, ref, deps, clone_strategy)
           ~~~~~~~~~~~~~~^^^^^^^^^^^^^^^^^^^^^^^^^^^^^^^^^
  File "C:\Users\patri\miniconda3\Lib\site-packages\pre_commit\store.py", line 163, in _new_repo
    with clean_path_on_failure(directory):
         ~~~~~~~~~~~~~~~~~~~~~^^^^^^^^^^^
  File "C:\Users\patri\miniconda3\Lib\contextlib.py", line 162, in __exit__
    self.gen.throw(value)
    ~~~~~~~~~~~~~~^^^^^^^
  File "C:\Users\patri\miniconda3\Lib\site-packages\pre_commit\util.py", line 34, in clean_path_on_failure
    rmtree(path)
    ~~~~~~^^^^^^
  File "C:\Users\patri\miniconda3\Lib\site-packages\pre_commit\util.py", line 235, in rmtree
    shutil.rmtree(path, ignore_errors=False, onexc=_handle_readonly)
    ~~~~~~~~~~~~~^^^^^^^^^^^^^^^^^^^^^^^^^^^^^^^^^^^^^^^^^^^^^^^^^^^
  File "C:\Users\patri\miniconda3\Lib\shutil.py", line 790, in rmtree
    return _rmtree_unsafe(path, onexc)
  File "C:\Users\patri\miniconda3\Lib\shutil.py", line 613, in _rmtree_unsafe
    for dirpath, dirnames, filenames in results:
                                        ^^^^^^^
  File "<frozen os>", line 371, in walk
  File "C:\Users\patri\miniconda3\Lib\shutil.py", line 611, in onerror
    onexc(os.scandir, err.filename, err)
    ~~~~~^^^^^^^^^^^^^^^^^^^^^^^^^^^^^^^
  File "<frozen os>", line 368, in walk
PermissionError: [WinError 5] Zugriff verweigert: 'C:\\Projects\\03-Finance\\ai-fund\\.pre-commit-cache-run2\\repoa8d_u4kj'
```
